This is pdfTeX, Version 3.141592653-2.6-1.40.25 (TeX Live 2023/Debian) (preloaded format=pdflatex 2026.2.19)  22 FEB 2026 14:40
entering extended mode
 restricted \write18 enabled.
 %&-line parsing enabled.
**finalLatexWithLibrary.tex
(./finalLatexWithLibrary.tex
LaTeX2e <2023-11-01> patch level 1
L3 programming layer <2024-01-22>
(/usr/share/texlive/texmf-dist/tex/latex/aastex/aastex631.cls
Document Class: aastex631 2020/12/20 Version 6.3.1d/AAS markup document class
Class aastex Info: 
 
 Original \LaTeX2.09 style by Chris Biemesderfer (chris@seagoat.com). 
 Adapted to \LaTeXe by A. Ogawa (ogawa@teleport.com)
 emulateapj.cls included, Copyright 2000-2015 Alexey Vikhlinin 
 Rewrite and update of emulateapj.cls, revised and enhanced with table macros, 
gridlines, draft watermark,
 track changes, new `modern' style and much more, by Amy Hendrickson,
 (amyh@texnology.com, http://www.texnology.com) 
 
  on input line 106.
\bibbaselineskip=\skip48
(/usr/share/texlive/texmf-dist/tex/latex/revtex4-1/revtex4-1.cls
Document Class: revtex4-1 2020/09/30 4.1s (http://publish.aps.org/revtex4/ for 
documentation)
 Copyright (c) 2009 The American Physical Society.
 mailto:revtex@aps.org
 Licensed under the LPPL:
http://www.ctan.org/tex-archive/macros/latex/base/lppl.txt
 Arthur Ogawa <arthur_ogawa at sbcglobal dot net>
 Based on work by David Carlisle <david at dcarlisle.demon.co.uk>.
ltxutil[2020/09/30 4.1s utilities package (portions licensed from W. E. Baxter 
web at superscript.com)]
LaTeX Info: Redefining \@centercr on input line 346.
Class revtex4-1 Info: Repairing hyperref-unfriendly LaTeX definition of \mpfoot
note on input line 471.
Class revtex4-1 Info: Repairing broken LateX \@sect on input line 793.
\intertabularlinepenalty=\count187
\@tbpen=\count188
\@arstrutbox@hline=\box51
Class revtex4-1 Info: Repairing broken LaTeX \@xbitor on input line 1824.
Class revtex4-1 Info: Making \typeout \long on input line 2089.
ltxfront[2020/09/30 4.1s frontmatter package (AO,DPC)]
\c@affil=\count189
\c@collab=\count190
\absbox=\box52
ltxgrid[2020/09/30 4.1s page grid package (portions licensed from W. E. Baxter 
web at superscript.com)]
\c@linecount=\count191
\output@latex=\toks17
\box@size@1=\box53
\box@size@2=\box54
\@protection@box=\box55
\@topmark@saved=\toks18
\footins@saved=\box56
\footins@recovered=\box57
\column@recovered=\box58
\pagesofar=\box59
\footsofar=\box60
\pagegrid@col=\count192
Class revtex4-1 Info: Overriding \@vspace, \@vspacer, \@no@pgbk, \@newline, and
 \\  on input line 5655.
\c@part=\count193
\c@section=\count194
\c@subsection=\count195
\c@subsubsection=\count196
\c@paragraph=\count197
\c@subparagraph=\count198
\abovecaptionskip=\skip49
\belowcaptionskip=\skip50
\c@figure=\count199
\fbox@1=\box61
\c@table=\count266
\fbox@2=\box62
\c@video=\count267
\fbox@4=\box63
\@bibdataout=\write3
\widetext@top=\box64
\widetext@bot=\box65
Class revtex4-1 Info: Selecting society aps on input line 7616.
(/usr/share/texlive/texmf-dist/tex/latex/revtex4-1/aps4-1.rtx
File: aps4-1 2020/09/30 4.1s (http://publish.aps.org/revtex4/ for documentation
)
Class revtex4-1 Info: RevTeX society APS selected on input line 31.
)
Class revtex4-1 Info: Selecting journal pra on input line 7618.
Class revtex4-1 Info: APS journal PRA selected on input line 7619.

(/usr/share/texlive/texmf-dist/tex/latex/revtex4-1/aps12pt4-1.rtx
File: aps12pt4-1 2020/09/30 4.1s (http://publish.aps.org/revtex4/ for documenta
tion)
Class revtex4-1 Info: RevTeX pointsize 12pt selected on input line 30.
)
(/usr/share/texlive/texmf-dist/tex/latex/textcase/textcase.sty
Package: textcase 2023/07/27 v1.04 Text only upper/lower case changing (DPC)
Package textcase Info: Defining Legacy names on input line 20.
)
(/usr/share/texlive/texmf-dist/tex/latex/url/url.sty
\Urlmuskip=\muskip16
Package: url 2013/09/16  ver 3.4  Verb mode for urls, etc.
)
(/usr/share/texlive/texmf-dist/tex/latex/natbib/natbib.sty
Package: natbib 2010/09/13 8.31b (PWD, AO)
\bibhang=\skip51
\bibsep=\skip52
LaTeX Info: Redefining \cite on input line 694.
\c@NAT@ctr=\count268
)
Class revtex4-1 Info: Repairing natbib's \BibitemShut on input line 7623.

(/usr/share/texlive/texmf-dist/tex/latex/revtex4-1/revsymb4-1.sty
Package: revsymb4-1 2020/09/30 4.1s (http://publish.aps.org/revtex4/ for docume
ntation)
LaTeX Info: Redefining \REV@mathfrak on input line 119.
))
(/usr/share/texlive/texmf-dist/tex/latex/base/latexsym.sty
Package: latexsym 1998/08/17 v2.2e Standard LaTeX package (lasy symbols)
\symlasy=\mathgroup4
LaTeX Font Info:    Overwriting symbol font `lasy' in version `bold'
(Font)                  U/lasy/m/n --> U/lasy/b/n on input line 52.
)
(/usr/share/texlive/texmf-dist/tex/latex/graphics/graphicx.sty
Package: graphicx 2021/09/16 v1.2d Enhanced LaTeX Graphics (DPC,SPQR)

(/usr/share/texlive/texmf-dist/tex/latex/graphics/keyval.sty
Package: keyval 2022/05/29 v1.15 key=value parser (DPC)
\KV@toks@=\toks19
)
(/usr/share/texlive/texmf-dist/tex/latex/graphics/graphics.sty
Package: graphics 2022/03/10 v1.4e Standard LaTeX Graphics (DPC,SPQR)

(/usr/share/texlive/texmf-dist/tex/latex/graphics/trig.sty
Package: trig 2021/08/11 v1.11 sin cos tan (DPC)
)
(/usr/share/texlive/texmf-dist/tex/latex/graphics-cfg/graphics.cfg
File: graphics.cfg 2016/06/04 v1.11 sample graphics configuration
)
Package graphics Info: Driver file: pdftex.def on input line 107.

(/usr/share/texlive/texmf-dist/tex/latex/graphics-def/pdftex.def
File: pdftex.def 2022/09/22 v1.2b Graphics/color driver for pdftex
))
\Gin@req@height=\dimen140
\Gin@req@width=\dimen141
)
(/usr/share/texlive/texmf-dist/tex/latex/amsfonts/amssymb.sty
Package: amssymb 2013/01/14 v3.01 AMS font symbols

(/usr/share/texlive/texmf-dist/tex/latex/amsfonts/amsfonts.sty
Package: amsfonts 2013/01/14 v3.01 Basic AMSFonts support
\@emptytoks=\toks20
\symAMSa=\mathgroup5
\symAMSb=\mathgroup6
LaTeX Font Info:    Redeclaring math symbol \hbar on input line 98.
LaTeX Font Info:    Overwriting math alphabet `\mathfrak' in version `bold'
(Font)                  U/euf/m/n --> U/euf/b/n on input line 106.
LaTeX Info: Redefining \frak on input line 111.
LaTeX Info: Redefining \Bbb on input line 113.
))
(/usr/share/texlive/texmf-dist/tex/generic/epsf/epsf.sty
This is `epsf.tex' v2.7.4 <14 February 2011>
\epsffilein=\read2
\epsfframemargin=\dimen142
\epsfframethickness=\dimen143
\epsfrsize=\dimen144
\epsftmp=\dimen145
\epsftsize=\dimen146
\epsfxsize=\dimen147
\epsfysize=\dimen148
\pspoints=\dimen149
)
\rptnum=\count269
\rptloopnum=\count270
\fncount=\count271
\endfncount=\count272
\c@front@matter@foot@note=\count273
\keys@width=\skip53
\c@lastfootnote=\count274
\tempsectnum=\count275
\ackbox=\box66
\c@remember@figure@num=\count276
\c@remember@table@num=\count277
\bibskip=\skip54
\bibindent=\dimen150
\plot@width=\skip55
\c@table@save=\count278
\@abovenoteskip=\dimen151
\table@note@skip=\skip56
\deluxe@table@width=\skip57
\@d@t@a=\skip58
\c@deluxe@table@num=\count279
\LTcapwidth=\dimen152
\abovedeluxetableskip=\skip59
\belowdeluxetableskip=\skip60
\lastrowheight=\dimen153
\DT@p@ftn=\toks21
\pt@column=\count280
\pt@ncol=\count281
 (/usr/share/texlive/texmf-dist/tex/latex/tools/longtable.sty
Package: longtable 2023-11-01 v4.19 Multi-page Table package (DPC)
\LTleft=\skip61
\LTright=\skip62
\LTpre=\skip63
\LTpost=\skip64
\LTchunksize=\count282
\LTcapwidth=\dimen154
\LT@head=\box67
\LT@firsthead=\box68
\LT@foot=\box69
\LT@lastfoot=\box70
\LT@gbox=\box71
\LT@cols=\count283
\LT@rows=\count284
\c@LT@tables=\count285
\c@LT@chunks=\count286
\LT@p@ftn=\toks22
)
(/usr/share/texlive/texmf-dist/tex/latex/xcolor/xcolor.sty
Package: xcolor 2023/11/15 v3.01 LaTeX color extensions (UK)

(/usr/share/texlive/texmf-dist/tex/latex/graphics-cfg/color.cfg
File: color.cfg 2016/01/02 v1.6 sample color configuration
)
Package xcolor Info: Driver file: pdftex.def on input line 274.

(/usr/share/texlive/texmf-dist/tex/latex/graphics/mathcolor.ltx)
Package xcolor Info: Model `cmy' substituted by `cmy0' on input line 1350.
Package xcolor Info: Model `hsb' substituted by `rgb' on input line 1354.
Package xcolor Info: Model `RGB' extended on input line 1366.
Package xcolor Info: Model `HTML' substituted by `rgb' on input line 1368.
Package xcolor Info: Model `Hsb' substituted by `hsb' on input line 1369.
Package xcolor Info: Model `tHsb' substituted by `hsb' on input line 1370.
Package xcolor Info: Model `HSB' substituted by `hsb' on input line 1371.
Package xcolor Info: Model `Gray' substituted by `gray' on input line 1372.
Package xcolor Info: Model `wave' substituted by `hsb' on input line 1373.
)
(/usr/share/texlive/texmf-dist/tex/latex/hyperref/hyperref.sty
Package: hyperref 2024-01-20 v7.01h Hypertext links for LaTeX

(/usr/share/texlive/texmf-dist/tex/generic/iftex/iftex.sty
Package: iftex 2022/02/03 v1.0f TeX engine tests
)
(/usr/share/texlive/texmf-dist/tex/latex/kvsetkeys/kvsetkeys.sty
Package: kvsetkeys 2022-10-05 v1.19 Key value parser (HO)
)
(/usr/share/texlive/texmf-dist/tex/generic/kvdefinekeys/kvdefinekeys.sty
Package: kvdefinekeys 2019-12-19 v1.6 Define keys (HO)
)
(/usr/share/texlive/texmf-dist/tex/generic/pdfescape/pdfescape.sty
Package: pdfescape 2019/12/09 v1.15 Implements pdfTeX's escape features (HO)

(/usr/share/texlive/texmf-dist/tex/generic/ltxcmds/ltxcmds.sty
Package: ltxcmds 2023-12-04 v1.26 LaTeX kernel commands for general use (HO)
)
(/usr/share/texlive/texmf-dist/tex/generic/pdftexcmds/pdftexcmds.sty
Package: pdftexcmds 2020-06-27 v0.33 Utility functions of pdfTeX for LuaTeX (HO
)

(/usr/share/texlive/texmf-dist/tex/generic/infwarerr/infwarerr.sty
Package: infwarerr 2019/12/03 v1.5 Providing info/warning/error messages (HO)
)
Package pdftexcmds Info: \pdf@primitive is available.
Package pdftexcmds Info: \pdf@ifprimitive is available.
Package pdftexcmds Info: \pdfdraftmode found.
))
(/usr/share/texlive/texmf-dist/tex/latex/hycolor/hycolor.sty
Package: hycolor 2020-01-27 v1.10 Color options for hyperref/bookmark (HO)
)
(/usr/share/texlive/texmf-dist/tex/latex/auxhook/auxhook.sty
Package: auxhook 2019-12-17 v1.6 Hooks for auxiliary files (HO)
)
(/usr/share/texlive/texmf-dist/tex/latex/hyperref/nameref.sty
Package: nameref 2023-11-26 v2.56 Cross-referencing by name of section

(/usr/share/texlive/texmf-dist/tex/latex/refcount/refcount.sty
Package: refcount 2019/12/15 v3.6 Data extraction from label references (HO)
)
(/usr/share/texlive/texmf-dist/tex/generic/gettitlestring/gettitlestring.sty
Package: gettitlestring 2019/12/15 v1.6 Cleanup title references (HO)

(/usr/share/texlive/texmf-dist/tex/latex/kvoptions/kvoptions.sty
Package: kvoptions 2022-06-15 v3.15 Key value format for package options (HO)
))

Package nameref Warning: The definition of \label has changed! 
(nameref)                Check your packages! 
(nameref)                Replacing it with the kernel definition on input line 
149.

\c@section@level=\count287
) (/usr/share/texlive/texmf-dist/tex/latex/etoolbox/etoolbox.sty
Package: etoolbox 2020/10/05 v2.5k e-TeX tools for LaTeX (JAW)
\etb@tempcnta=\count288
)
\@linkdim=\dimen155
\Hy@linkcounter=\count289
\Hy@pagecounter=\count290

(/usr/share/texlive/texmf-dist/tex/latex/hyperref/pd1enc.def
File: pd1enc.def 2024-01-20 v7.01h Hyperref: PDFDocEncoding definition (HO)
Now handling font encoding PD1 ...
... no UTF-8 mapping file for font encoding PD1
)
(/usr/share/texlive/texmf-dist/tex/generic/intcalc/intcalc.sty
Package: intcalc 2019/12/15 v1.3 Expandable calculations with integers (HO)
)
\Hy@SavedSpaceFactor=\count291

(/usr/share/texlive/texmf-dist/tex/latex/hyperref/puenc.def
File: puenc.def 2024-01-20 v7.01h Hyperref: PDF Unicode definition (HO)
Now handling font encoding PU ...
... no UTF-8 mapping file for font encoding PU
)
Package hyperref Info: Option `bookmarks' set `true' on input line 4062.
Package hyperref Info: Option `pdfnewwindow' set `true' on input line 4062.
Package hyperref Info: Option `colorlinks' set `true' on input line 4062.
Package hyperref Info: Option `final' set `true' on input line 4062.
Package hyperref Info: Hyper figures OFF on input line 4179.
Package hyperref Info: Link nesting OFF on input line 4184.
Package hyperref Info: Hyper index ON on input line 4187.
Package hyperref Info: Plain pages OFF on input line 4194.
Package hyperref Info: Backreferencing OFF on input line 4199.
Package hyperref Info: Implicit mode ON; LaTeX internals redefined.
Package hyperref Info: Bookmarks ON on input line 4446.
LaTeX Info: Redefining \href on input line 4695.
\c@Hy@tempcnt=\count292
LaTeX Info: Redefining \url on input line 4784.
\XeTeXLinkMargin=\dimen156

(/usr/share/texlive/texmf-dist/tex/generic/bitset/bitset.sty
Package: bitset 2019/12/09 v1.3 Handle bit-vector datatype (HO)

(/usr/share/texlive/texmf-dist/tex/generic/bigintcalc/bigintcalc.sty
Package: bigintcalc 2019/12/15 v1.5 Expandable calculations on big integers (HO
)
))
\Fld@menulength=\count293
\Field@Width=\dimen157
\Fld@charsize=\dimen158
Package hyperref Info: Hyper figures OFF on input line 6063.
Package hyperref Info: Link nesting OFF on input line 6068.
Package hyperref Info: Hyper index ON on input line 6071.
Package hyperref Info: backreferencing OFF on input line 6078.
Package hyperref Info: Link coloring ON on input line 6081.
Package hyperref Info: Link coloring with OCG OFF on input line 6088.
Package hyperref Info: PDF/A mode OFF on input line 6093.

(/usr/share/texlive/texmf-dist/tex/latex/base/atbegshi-ltx.sty
Package: atbegshi-ltx 2021/01/10 v1.0c Emulation of the original atbegshi
package with kernel methods
)
\Hy@abspage=\count294
\c@Item=\count295
\c@Hfootnote=\count296
)
Package hyperref Info: Driver (autodetected): hpdftex.

(/usr/share/texlive/texmf-dist/tex/latex/hyperref/hpdftex.def
File: hpdftex.def 2024-01-20 v7.01h Hyperref driver for pdfTeX

(/usr/share/texlive/texmf-dist/tex/latex/base/atveryend-ltx.sty
Package: atveryend-ltx 2020/08/19 v1.0a Emulation of the original atveryend pac
kage
with kernel methods
)
\Fld@listcount=\count297
\c@bookmark@seq@number=\count298

(/usr/share/texlive/texmf-dist/tex/latex/rerunfilecheck/rerunfilecheck.sty
Package: rerunfilecheck 2022-07-10 v1.10 Rerun checks for auxiliary files (HO)

(/usr/share/texlive/texmf-dist/tex/generic/uniquecounter/uniquecounter.sty
Package: uniquecounter 2019/12/15 v1.4 Provide unlimited unique counter (HO)
)
Package uniquecounter Info: New unique counter `rerunfilecheck' on input line 2
85.
)
\Hy@SectionHShift=\skip65
)
(/usr/share/texlive/texmf-dist/tex/latex/tools/array.sty
Package: array 2023/10/16 v2.5g Tabular extension package (FMi)
\col@sep=\dimen159
\ar@mcellbox=\box72
\extrarowheight=\dimen160
\NC@list=\toks23
\extratabsurround=\skip66
\backup@length=\skip67
\ar@cellbox=\box73
)
\colcount=\count299
\firstcolcount=\count300
\secondcolcount=\count301
\thirdcolcount=\count302
\columncount=\count303
\howmanyDs=\count304
\firsthowmanyDs=\count305
\secondhowmanyDs=\count306
\PartsOfTable=\count307
\columnoneandtwo=\count308
\colnumsused=\count309
\loopnum=\count310
\totalcolumncount=\count311
\totalcolumns=\count312
\firsttablebox=\box74
\secondtablebox=\box75
\thirdtablebox=\box76
\longtablebox=\box77
\splitbox=\box78
\movetabledown=\dimen161
\maxtablewidth=\dimen162
\savetabskip=\dimen163
\tempcounter=\count313
\colheadcount=\count314
\rotatetablebox=\box79
\colorcount=\count315
\editnum=\count316
\refchangenumber=\count317
\listchangenum=\count318

(/usr/share/texlive/texmf-dist/tex/generic/ulem/ulem.sty
\UL@box=\box80
\UL@hyphenbox=\box81
\UL@skip=\skip68
\UL@hook=\toks24
\UL@height=\dimen164
\UL@pe=\count319
\UL@pixel=\dimen165
\ULC@box=\box82
Package: ulem 2019/11/18
\ULdepth=\dimen166
)
\entriesinthiscollab=\count320
\allentries=\count321
\AuthorCollaborationLimit=\count322
\largestAffilNum=\count323
\totalentries=\count324
\docollabnum=\count325
\tempauthornumber=\count326
\countauthors=\count327
\testnum=\count328
\tempauthorminusone=\count329
\affilnum=\count330
\c@affilcount=\count331
\numauthors=\count332
\collabnum=\count333
\collabnamebox=\box83
\widetext@top=\box84
\widetext@bot=\box85
\currwidth=\dimen167
\interactbox=\box86
\movetableright=\dimen168
) (./variables.sty

! LaTeX Error: Missing \begin{document}.

See the LaTeX manual or LaTeX Companion for explanation.
Type  H <return>  for immediate help.
 ...                                              
                                                  
l.29 \newcommand{\s4g}{SFOURGEE}
                                
You're in trouble here.  Try typing  <return>  to proceed.
If that doesn't work, type  X <return>  to quit.

! Missing number, treated as zero.
<to be read again> 
                   g
l.29 \newcommand{\s4g}{SFOURGEE}
                                
A number should have been here; I inserted `0'.
(If you can't figure out why I needed to see a number,
look up `weird error' in the index to The TeXbook.)

! You already have nine parameters.
\reserved@a ...def \expandafter \s \reserved@b #10
                                                  g{
l.29 \newcommand{\s4g}{SFOURGEE}
                                
I'm going to ignore the # sign you just used,
as well as the token that followed it.


Overfull \hbox (85.73497pt too wide) in paragraph at lines 29--30
[]\OT1/cmr/m/n/12 4gSFOURGEE 
 []

(/usr/share/texlive/texmf-dist/tex/latex/makecell/makecell.sty
Package: makecell 2009/08/03 V0.1e Managing of Tab Column Heads and Cells
\rotheadsize=\dimen169
\c@nlinenum=\count334
\TeXr@lab=\toks25
))
(/usr/share/texlive/texmf-dist/tex/latex/amsmath/amsmath.sty
Package: amsmath 2023/05/13 v2.17o AMS math features
\@mathmargin=\skip69

For additional information on amsmath, use the `?' option.
(/usr/share/texlive/texmf-dist/tex/latex/amsmath/amstext.sty
Package: amstext 2021/08/26 v2.01 AMS text

(/usr/share/texlive/texmf-dist/tex/latex/amsmath/amsgen.sty
File: amsgen.sty 1999/11/30 v2.0 generic functions
\@emptytoks=\toks26
\ex@=\dimen170
)
LaTeX Info: Redefining \text on input line 28.
)
(/usr/share/texlive/texmf-dist/tex/latex/amsmath/amsbsy.sty
Package: amsbsy 1999/11/29 v1.2d Bold Symbols
\pmbraise@=\dimen171
)
(/usr/share/texlive/texmf-dist/tex/latex/amsmath/amsopn.sty
Package: amsopn 2022/04/08 v2.04 operator names
)
\inf@bad=\count335
LaTeX Info: Redefining \frac on input line 234.
\uproot@=\count336
\leftroot@=\count337
LaTeX Info: Redefining \overline on input line 399.
LaTeX Info: Redefining \colon on input line 410.
\classnum@=\count338
\DOTSCASE@=\count339
LaTeX Info: Redefining \ldots on input line 496.
LaTeX Info: Redefining \dots on input line 499.
LaTeX Info: Redefining \cdots on input line 620.
\Mathstrutbox@=\box87
\strutbox@=\box88
LaTeX Info: Redefining \big on input line 722.
LaTeX Info: Redefining \Big on input line 723.
LaTeX Info: Redefining \bigg on input line 724.
LaTeX Info: Redefining \Bigg on input line 725.
\big@size=\dimen172
LaTeX Font Info:    Redeclaring font encoding OML on input line 743.
LaTeX Font Info:    Redeclaring font encoding OMS on input line 744.
\macc@depth=\count340
LaTeX Info: Redefining \bmod on input line 905.
LaTeX Info: Redefining \pmod on input line 910.
LaTeX Info: Redefining \smash on input line 940.
LaTeX Info: Redefining \relbar on input line 970.
LaTeX Info: Redefining \Relbar on input line 971.
\c@MaxMatrixCols=\count341
\dotsspace@=\muskip17
\c@parentequation=\count342
\dspbrk@lvl=\count343
\tag@help=\toks27
\row@=\count344
\column@=\count345
\maxfields@=\count346
\andhelp@=\toks28
\eqnshift@=\dimen173
\alignsep@=\dimen174
\tagshift@=\dimen175
\tagwidth@=\dimen176
\totwidth@=\dimen177
\lineht@=\dimen178
\@envbody=\toks29
\multlinegap=\skip70
\multlinetaggap=\skip71
\mathdisplay@stack=\toks30
LaTeX Info: Redefining \[ on input line 2953.
LaTeX Info: Redefining \] on input line 2954.
)
(/usr/share/texlive/texmf-dist/tex/latex/multirow/multirow.sty
Package: multirow 2021/03/15 v2.8 Span multiple rows of a table
\multirow@colwidth=\skip72
\multirow@cntb=\count347
\multirow@dima=\skip73
\bigstrutjot=\dimen179
)
(/usr/share/texlive/texmf-dist/tex/latex/overpic/overpic.sty
Package: overpic 2024/01/06 2.1 picture overlays (RN)

(/usr/share/texlive/texmf-dist/tex/latex/eepic/epic.sty
Enhancements to Picture Environment. Version 1.2 - Released June 1, 1986
\@@multicnt=\count348
\d@lta=\count349
\@delta=\dimen180
\@@delta=\dimen181
\@gridcnt=\count350
\@joinkind=\count351
\@dotgap=\dimen182
\@ddotgap=\dimen183
\@x@diff=\count352
\@y@diff=\count353
\x@diff=\dimen184
\y@diff=\dimen185
\@dotbox=\box89
\num@segments=\count354
\num@segmentsi=\count355
\@datafile=\read3
)
\OVP@box=\box90
) (/usr/share/texlive/texmf-dist/tex/latex/breakurl/breakurl.sty
Package: breakurl 2013/04/10 v1.40 Breakable hyperref URLs

(/usr/share/texlive/texmf-dist/tex/latex/xkeyval/xkeyval.sty
Package: xkeyval 2022/06/16 v2.9 package option processing (HA)

(/usr/share/texlive/texmf-dist/tex/generic/xkeyval/xkeyval.tex
(/usr/share/texlive/texmf-dist/tex/generic/xkeyval/xkvutils.tex
\XKV@toks=\toks31
\XKV@tempa@toks=\toks32
)
\XKV@depth=\count356
File: xkeyval.tex 2014/12/03 v2.7a key=value parser (HA)
))
(/usr/share/texlive/texmf-dist/tex/generic/iftex/ifpdf.sty
Package: ifpdf 2019/10/25 v3.4 ifpdf legacy package. Use iftex instead.
)

Package breakurl Warning: You are using breakurl while processing via pdflatex.

(breakurl)                \burl will be just a synonym of \url.
(breakurl)                 on input line 48.

) (/usr/share/texlive/texmf-dist/tex/latex/base/textcomp.sty
Package: textcomp 2020/02/02 v2.0n Standard LaTeX package
)
(/usr/share/texlive/texmf-dist/tex/latex/fancyhdr/fancyhdr.sty
Package: fancyhdr 2022/11/09 v4.1 Extensive control of page headers and footers

\f@nch@headwidth=\skip74
\f@nch@O@elh=\skip75
\f@nch@O@erh=\skip76
\f@nch@O@olh=\skip77
\f@nch@O@orh=\skip78
\f@nch@O@elf=\skip79
\f@nch@O@erf=\skip80
\f@nch@O@olf=\skip81
\f@nch@O@orf=\skip82
)
(/usr/share/texlive/texmf-dist/tex/latex/appendix/appendix.sty
Package: appendix 2020/02/08 v1.2c extra appendix facilities
\c@@pps=\count357
\c@@ppsavesec=\count358
\c@@ppsaveapp=\count359
)
(/usr/share/texlive/texmf-dist/tex/latex/units/nicefrac.sty
Package: nicefrac 1998/08/04 v0.9b Nice fractions
\L@UnitsRaiseDisplaystyle=\skip83
\L@UnitsRaiseTextstyle=\skip84
\L@UnitsRaiseScriptstyle=\skip85

(/usr/share/texlive/texmf-dist/tex/latex/base/ifthen.sty
Package: ifthen 2022/04/13 v1.1d Standard LaTeX ifthen package (DPC)
))
(/usr/share/texlive/texmf-dist/tex/latex/svg/svg.sty
Package: svg 2020/11/26 v2.02k (include SVG pictures)

(/usr/share/texlive/texmf-dist/tex/latex/koma-script/scrbase.sty
Package: scrbase 2023/07/07 v3.41 KOMA-Script package (KOMA-Script-independent 
basics and keyval usage)

(/usr/share/texlive/texmf-dist/tex/latex/koma-script/scrlfile.sty
Package: scrlfile 2023/07/07 v3.41 KOMA-Script package (file load hooks)

(/usr/share/texlive/texmf-dist/tex/latex/koma-script/scrlfile-hook.sty
Package: scrlfile-hook 2023/07/07 v3.41 KOMA-Script package (using LaTeX hooks)


(/usr/share/texlive/texmf-dist/tex/latex/koma-script/scrlogo.sty
Package: scrlogo 2023/07/07 v3.41 KOMA-Script package (logo)
)))
Applying: [2021/05/01] Usage of raw or classic option list on input line 252.
Already applied: [0000/00/00] Usage of raw or classic option list on input line
 368.
)
(/usr/share/texlive/texmf-dist/tex/latex/trimspaces/trimspaces.sty
Package: trimspaces 2009/09/17 v1.1 Trim spaces around a token list
)
(/usr/share/texlive/texmf-dist/tex/latex/tools/shellesc.sty
Package: shellesc 2023/07/08 v1.0d unified shell escape interface for LaTeX
Package shellesc Info: Restricted shell escape enabled on input line 77.
)
\c@svg@param@lastpage=\count360
\svg@box=\box91
\c@svg@param@currpage=\count361
)
(/usr/share/texlive/texmf-dist/tex/latex/transparent/transparent.sty
Package: transparent 2022-10-27 v1.5 Transparency with color stacks

(/usr/share/texlive/texmf-dist/tex/latex/transparent/transparent-nometadata.sty
Package: transparent-nometadata 2022-10-27 v1.5 Transparency via pdfTeX's color
 stack (HO)
)) (/usr/share/texlive/texmf-dist/tex/latex/pgf/systemlayer/pgfsys.sty
(/usr/share/texlive/texmf-dist/tex/latex/pgf/utilities/pgfrcs.sty
(/usr/share/texlive/texmf-dist/tex/generic/pgf/utilities/pgfutil-common.tex
\pgfutil@everybye=\toks33
\pgfutil@tempdima=\dimen186
\pgfutil@tempdimb=\dimen187
)
(/usr/share/texlive/texmf-dist/tex/generic/pgf/utilities/pgfutil-latex.def
\pgfutil@abb=\box92
)
(/usr/share/texlive/texmf-dist/tex/generic/pgf/utilities/pgfrcs.code.tex
(/usr/share/texlive/texmf-dist/tex/generic/pgf/pgf.revision.tex)
Package: pgfrcs 2023-01-15 v3.1.10 (3.1.10)
))
(/usr/share/texlive/texmf-dist/tex/generic/pgf/systemlayer/pgfsys.code.tex
Package: pgfsys 2023-01-15 v3.1.10 (3.1.10)

(/usr/share/texlive/texmf-dist/tex/generic/pgf/utilities/pgfkeys.code.tex
\pgfkeys@pathtoks=\toks34
\pgfkeys@temptoks=\toks35

(/usr/share/texlive/texmf-dist/tex/generic/pgf/utilities/pgfkeyslibraryfiltered
.code.tex
\pgfkeys@tmptoks=\toks36
))
\pgf@x=\dimen188
\pgf@y=\dimen189
\pgf@xa=\dimen190
\pgf@ya=\dimen191
\pgf@xb=\dimen192
\pgf@yb=\dimen193
\pgf@xc=\dimen194
\pgf@yc=\dimen195
\pgf@xd=\dimen196
\pgf@yd=\dimen197
\w@pgf@writea=\write4
\r@pgf@reada=\read4
\c@pgf@counta=\count362
\c@pgf@countb=\count363
\c@pgf@countc=\count364
\c@pgf@countd=\count365
\t@pgf@toka=\toks37
\t@pgf@tokb=\toks38
\t@pgf@tokc=\toks39
\pgf@sys@id@count=\count366
 (/usr/share/texlive/texmf-dist/tex/generic/pgf/systemlayer/pgf.cfg
File: pgf.cfg 2023-01-15 v3.1.10 (3.1.10)
)
Driver file for pgf: pgfsys-pdftex.def
(/usr/share/texlive/texmf-dist/tex/generic/pgf/systemlayer/pgfsys-pdftex.def
File: pgfsys-pdftex.def 2023-01-15 v3.1.10 (3.1.10)

(/usr/share/texlive/texmf-dist/tex/generic/pgf/systemlayer/pgfsys-common-pdf.de
f
File: pgfsys-common-pdf.def 2023-01-15 v3.1.10 (3.1.10)
)))
(/usr/share/texlive/texmf-dist/tex/generic/pgf/systemlayer/pgfsyssoftpath.code.
tex
File: pgfsyssoftpath.code.tex 2023-01-15 v3.1.10 (3.1.10)
\pgfsyssoftpath@smallbuffer@items=\count367
\pgfsyssoftpath@bigbuffer@items=\count368
)
(/usr/share/texlive/texmf-dist/tex/generic/pgf/systemlayer/pgfsysprotocol.code.
tex
File: pgfsysprotocol.code.tex 2023-01-15 v3.1.10 (3.1.10)
)) (/usr/share/texlive/texmf-dist/tex/latex/base/inputenc.sty
Package: inputenc 2021/02/14 v1.3d Input encoding file
\inpenc@prehook=\toks40
\inpenc@posthook=\toks41
)
(/usr/share/texlive/texmf-dist/tex/latex/varwidth/varwidth.sty
Package: varwidth 2009/03/30 ver 0.92;  Variable-width minipages
\@vwid@box=\box93
\sift@deathcycles=\count369
\@vwid@loff=\dimen198
\@vwid@roff=\dimen199
)
(/usr/share/texlive/texmf-dist/tex/latex/koma-script/scrextend.sty
Package: scrextend 2023/07/07 v3.41 KOMA-Script package (extend other classes w
ith features of KOMA-Script classes)

(/usr/share/texlive/texmf-dist/tex/latex/koma-script/scrkbase.sty
Package: scrkbase 2023/07/07 v3.41 KOMA-Script package (KOMA-Script-dependent b
asics and keyval usage)
)

LaTeX Warning: Command \@footnotemark  has changed.
               Check if current package is valid.

) (/usr/share/texlive/texmf-dist/tex/latex/colortbl/colortbl.sty
Package: colortbl 2022/06/20 v1.0f Color table columns (DPC)
\everycr=\toks42
\minrowclearance=\skip86
\rownum=\count370
)
(/usr/share/texlive/texmf-dist/tex/latex/tablefootnote/tablefootnote.sty
Package: tablefootnote 2014/01/26 v1.1c Table foot notes (HMM)

(/usr/share/texlive/texmf-dist/tex/latex/letltxmacro/letltxmacro.sty
Package: letltxmacro 2019/12/03 v1.6 Let assignment for LaTeX macros (HO)
)
(/usr/share/texlive/texmf-dist/tex/latex/xifthen/xifthen.sty
Package: xifthen 2015/11/05 v1.4.0 Extended ifthen features

(/usr/share/texlive/texmf-dist/tex/latex/tools/calc.sty
Package: calc 2023/07/08 v4.3 Infix arithmetic (KKT,FJ)
\calc@Acount=\count371
\calc@Bcount=\count372
\calc@Adimen=\dimen256
\calc@Bdimen=\dimen257
\calc@Askip=\skip87
\calc@Bskip=\skip88
LaTeX Info: Redefining \setlength on input line 80.
LaTeX Info: Redefining \addtolength on input line 81.
\calc@Ccount=\count373
\calc@Cskip=\skip89
)
(/usr/share/texlive/texmf-dist/tex/latex/ifmtarg/ifmtarg.sty
Package: ifmtarg 2018/04/16 v1.2b check for an empty argument
)))
(/usr/share/texlive/texmf-dist/tex/latex/tools/xspace.sty
Package: xspace 2014/10/28 v1.13 Space after command names (DPC,MH)
)
(/usr/share/texlive/texmf-dist/tex/latex/marginnote/marginnote.sty
Package: marginnote 2018/08/09 1.4b non floating margin notes for LaTeX
\c@mn@abspage=\count374
)
Class revtex4-1 Info: colortbl package is loaded. (Proceeding with fingers cros
sed.) on input line 35.
Class revtex4-1 Info: Patching unrecognized longtable package. (Proceeding with
 fingers crossed) on input line 35.
Class revtex4-1 Info: cite was not loaded (OK!) on input line 35.
Class revtex4-1 Info: mcite was not loaded (OK!) on input line 35.
Class revtex4-1 Info: multicol was not loaded (OK!) on input line 35.

(/usr/share/texlive/texmf-dist/tex/latex/l3backend/l3backend-pdftex.def
File: l3backend-pdftex.def 2024-01-04 L3 backend support: PDF output (pdfTeX)
\l__color_backend_stack_int=\count375
\l__pdf_internal_box=\box94
)
(./finalLatexWithLibrary.aux)
\openout1 = `finalLatexWithLibrary.aux'.

LaTeX Font Info:    Checking defaults for OML/cmm/m/it on input line 35.
LaTeX Font Info:    ... okay on input line 35.
LaTeX Font Info:    Checking defaults for OMS/cmsy/m/n on input line 35.
LaTeX Font Info:    ... okay on input line 35.
LaTeX Font Info:    Checking defaults for OT1/cmr/m/n on input line 35.
LaTeX Font Info:    ... okay on input line 35.
LaTeX Font Info:    Checking defaults for T1/cmr/m/n on input line 35.
LaTeX Font Info:    ... okay on input line 35.
LaTeX Font Info:    Checking defaults for TS1/cmr/m/n on input line 35.
LaTeX Font Info:    ... okay on input line 35.
LaTeX Font Info:    Checking defaults for OMX/cmex/m/n on input line 35.
LaTeX Font Info:    ... okay on input line 35.
LaTeX Font Info:    Checking defaults for U/cmr/m/n on input line 35.
LaTeX Font Info:    ... okay on input line 35.
LaTeX Font Info:    Checking defaults for PD1/pdf/m/n on input line 35.
LaTeX Font Info:    ... okay on input line 35.
LaTeX Font Info:    Checking defaults for PU/pdf/m/n on input line 35.
LaTeX Font Info:    ... okay on input line 35.

(/usr/share/texlive/texmf-dist/tex/context/base/mkii/supp-pdf.mkii
[Loading MPS to PDF converter (version 2006.09.02).]
\scratchcounter=\count376
\scratchdimen=\dimen258
\scratchbox=\box95
\nofMPsegments=\count377
\nofMParguments=\count378
\everyMPshowfont=\toks43
\MPscratchCnt=\count379
\MPscratchDim=\dimen259
\MPnumerator=\count380
\makeMPintoPDFobject=\count381
\everyMPtoPDFconversion=\toks44
) (/usr/share/texlive/texmf-dist/tex/latex/epstopdf-pkg/epstopdf-base.sty
Package: epstopdf-base 2020-01-24 v2.11 Base part for package epstopdf
Package epstopdf-base Info: Redefining graphics rule for `.eps' on input line 4
85.

(/usr/share/texlive/texmf-dist/tex/latex/latexconfig/epstopdf-sys.cfg
File: epstopdf-sys.cfg 2010/07/13 v1.3 Configuration of (r)epstopdf for TeX Liv
e
))
(/usr/share/texlive/texmf-dist/tex/latex/lineno/lineno.sty
Package: lineno 2023/05/20 line numbers on paragraphs v5.3
\linenopenalty=\count382
\output=\toks45
\linenoprevgraf=\count383
\linenumbersep=\dimen260
\linenumberwidth=\dimen261
\c@linenumber=\count384
\c@pagewiselinenumber=\count385
\c@LN@truepage=\count386
\c@internallinenumber=\count387
\c@internallinenumbers=\count388
\quotelinenumbersep=\dimen262
\bframerule=\dimen263
\bframesep=\dimen264
\bframebox=\box96
\linenoamsmath@ams@eqpen=\count389
LaTeX Info: Redefining \\ on input line 3180.
)
Package hyperref Info: Link coloring ON on input line 35.

(./finalLatexWithLibrary.out) (./finalLatexWithLibrary.out)
\@outlinefile=\write5
\openout5 = `finalLatexWithLibrary.out'.

Class revtex4-1 Info: Overriding lineo.sty, restoring output routine, on input 
line 35.
Class revtex4-1 Info: Line numbering not turned on yet on input line 35.
Class revtex4-1 Info: Overriding \@LN@LLerror on input line 35.
LaTeX Font Info:    Trying to load font information for U+lasy on input line 94
.

(/usr/share/texlive/texmf-dist/tex/latex/base/ulasy.fd
File: ulasy.fd 1998/08/17 v2.2e LaTeX symbol font definitions
)
LaTeX Font Info:    Trying to load font information for U+msa on input line 94.


(/usr/share/texlive/texmf-dist/tex/latex/amsfonts/umsa.fd
File: umsa.fd 2013/01/14 v3.01 AMS symbols A
)
LaTeX Font Info:    Trying to load font information for U+msb on input line 94.


(/usr/share/texlive/texmf-dist/tex/latex/amsfonts/umsb.fd
File: umsb.fd 2013/01/14 v3.01 AMS symbols B
) [1{/var/lib/texmf/fonts/map/pdftex/updmap/pdftex.map}] [2]
<FIGURES/Composition_NGC5084_poster_v6_paper.png, id=235, 782.925pt x 551.661pt
>
File: FIGURES/Composition_NGC5084_poster_v6_paper.png Graphic file (type png)
<use FIGURES/Composition_NGC5084_poster_v6_paper.png>
Package pdftex.def Info: FIGURES/Composition_NGC5084_poster_v6_paper.png  used 
on input line 128.
(pdftex.def)             Requested size: 433.62pt x 244.38397pt.
 [3 <./FIGURES/Composition_NGC5084_poster_v6_paper.png>]
Overfull \hbox (15.24416pt too wide) in paragraph at lines 141--141
[][]| [] [][][]| 
 []


Overfull \vbox (14.2007pt too high) has occurred while \output is active []


[4]
Overfull \hbox (15.24416pt too wide) in paragraph at lines 197--197
[][]| [] [][][]| 
 []

[5]
Overfull \hbox (15.24416pt too wide) in paragraph at lines 206--206
[][]| [] [][][]| 
 []


Overfull \vbox (1.39629pt too high) has occurred while \output is active []


[6]
Overfull \hbox (15.24416pt too wide) in paragraph at lines 216--216
[][]| [] [][][]| 
 []


Overfull \hbox (15.24416pt too wide) in paragraph at lines 216--216
[][]| [] [][][]| 
 []


Overfull \hbox (15.24416pt too wide) in paragraph at lines 216--216
[][]| [] [][][]| 
 []


Overfull \vbox (14.03632pt too high) has occurred while \output is active []


[7]
Overfull \hbox (15.24416pt too wide) in paragraph at lines 223--223
[][]| [] [][][]| 
 []

[8]
<FIGURES/NGC5084_broad_kev300_2000_result_deco_voro_smooth_drz.png, id=451, 234
.8775pt x 90.3375pt>
File: FIGURES/NGC5084_broad_kev300_2000_result_deco_voro_smooth_drz.png Graphic
 file (type png)
<use FIGURES/NGC5084_broad_kev300_2000_result_deco_voro_smooth_drz.png>
Package pdftex.def Info: FIGURES/NGC5084_broad_kev300_2000_result_deco_voro_smo
oth_drz.png  used on input line 254.
(pdftex.def)             Requested size: 433.62pt x 136.3593pt.
 [9 <./FIGURES/NGC5084_broad_kev300_2000_result_deco_voro_smooth_drz.png>]
Underfull \hbox (badness 1365) in paragraph at lines 279--280
[]\OT1/cmr/m/n/12 In sum-mary, the re-sults from three dif-fer-ent method-olo-g
ies (\OT1/cmtt/m/n/12 SAUNAS\OT1/cmr/m/n/12 , PSF-
 []

[10]
<FIGURES/HST_Torus_model.png, id=525, 978.65625pt x 466.74374pt>
File: FIGURES/HST_Torus_model.png Graphic file (type png)
<use FIGURES/HST_Torus_model.png>
Package pdftex.def Info: FIGURES/HST_Torus_model.png  used on input line 332.
(pdftex.def)             Requested size: 433.62pt x 135.64711pt.
 [11{/usr/share/texmf/fonts/enc/dvips/cm-super/cm-super-ts1.enc}]
Underfull \hbox (badness 10000) in paragraph at lines 351--352

 []

[12 <./FIGURES/HST_Torus_model.png>]
Underfull \hbox (badness 10000) in paragraph at lines 353--354

 []

<FIGURES/ALMA_spectra_vfield.png, id=559, 1943.26pt x 911.405pt>
File: FIGURES/ALMA_spectra_vfield.png Graphic file (type png)
<use FIGURES/ALMA_spectra_vfield.png>
Package pdftex.def Info: FIGURES/ALMA_spectra_vfield.png  used on input line 36
9.
(pdftex.def)             Requested size: 433.62pt x 203.36063pt.
[13] [14 <./FIGURES/ALMA_spectra_vfield.png>]
<FIGURES/NGC5084_side_Radio_lobes_optical.png, id=589, 614.295pt x 505.89pt>
File: FIGURES/NGC5084_side_Radio_lobes_optical.png Graphic file (type png)
<use FIGURES/NGC5084_side_Radio_lobes_optical.png>
Package pdftex.def Info: FIGURES/NGC5084_side_Radio_lobes_optical.png  used on 
input line 429.
(pdftex.def)             Requested size: 251.90437pt x 219.08612pt.
<FIGURES/NGC5084_spectra_regions_wide.png, id=604, 234.8775pt x 208.8603pt>
File: FIGURES/NGC5084_spectra_regions_wide.png Graphic file (type png)
<use FIGURES/NGC5084_spectra_regions_wide.png>
Package pdftex.def Info: FIGURES/NGC5084_spectra_regions_wide.png  used on inpu
t line 448.
(pdftex.def)             Requested size: 190.61423pt x 241.84842pt.
<FIGURES/NGC5084_regions_core.png, id=606, 650.43pt x 578.16pt>
File: FIGURES/NGC5084_regions_core.png Graphic file (type png)
<use FIGURES/NGC5084_regions_core.png>
Package pdftex.def Info: FIGURES/NGC5084_regions_core.png  used on input line 4
48.
(pdftex.def)             Requested size: 272.07709pt x 241.84842pt.

Overfull \hbox (29.07132pt too wide) in paragraph at lines 448--449
 [][] 
 []

<FIGURES/NGC5084_6dF_spectra_comp.png, id=608, 1156.32pt x 867.24pt>
File: FIGURES/NGC5084_6dF_spectra_comp.png Graphic file (type png)
<use FIGURES/NGC5084_6dF_spectra_comp.png>
Package pdftex.def Info: FIGURES/NGC5084_6dF_spectra_comp.png  used on input li
ne 458.
(pdftex.def)             Requested size: 433.62pt x 325.2142pt.
[15] [16 <./FIGURES/NGC5084_side_Radio_lobes_optical.png>] [17 <./FIGURES/NGC50
84_spectra_regions_wide.png> <./FIGURES/NGC5084_regions_core.png>]
<FIGURES/scenarios_figure.png, id=675, 1437.37pt x 1434.35875pt>
File: FIGURES/scenarios_figure.png Graphic file (type png)
<use FIGURES/scenarios_figure.png>
Package pdftex.def Info: FIGURES/scenarios_figure.png  used on input line 510.
(pdftex.def)             Requested size: 433.62pt x 432.69658pt.
 [18 <./FIGURES/NGC5084_6dF_spectra_comp.png>] [19 <./FIGURES/scenarios_figure.
png>]
[20]
<FIGURES/NGC5084_gi.png, id=767, 234.8775pt x 199.7061pt>
File: FIGURES/NGC5084_gi.png Graphic file (type png)
<use FIGURES/NGC5084_gi.png>
Package pdftex.def Info: FIGURES/NGC5084_gi.png  used on input line 552.
(pdftex.def)             Requested size: 231.33627pt x 213.39566pt.
<FIGURES/NGC5084_F475W_F702W.png, id=769, 722.7pt x 614.295pt>
File: FIGURES/NGC5084_F475W_F702W.png Graphic file (type png)
<use FIGURES/NGC5084_F475W_F702W.png>
Package pdftex.def Info: FIGURES/NGC5084_F475W_F702W.png  used on input line 55
3.
(pdftex.def)             Requested size: 248.71834pt x 213.39566pt.

Overfull \hbox (15.24416pt too wide) in paragraph at lines 559--559
[][]| [] [][][]| 
 []

[21] [22 <./FIGURES/NGC5084_gi.png> <./FIGURES/NGC5084_F475W_F702W.png>]

Package hyperref Warning: Token not allowed in a PDF string (Unicode):
(hyperref)                removing `\leavevmode@ifvmode' on input line 586.


Package hyperref Warning: Token not allowed in a PDF string (Unicode):
(hyperref)                \kern 1.95872pt
(hyperref)                removed on input line 586.

[23] [24]
<FIGURES/NGC5084_environment_v2.png, id=968, 782.925pt x 440.847pt>
File: FIGURES/NGC5084_environment_v2.png Graphic file (type png)
<use FIGURES/NGC5084_environment_v2.png>
Package pdftex.def Info: FIGURES/NGC5084_environment_v2.png  used on input line
 607.
(pdftex.def)             Requested size: 433.62pt x 244.16174pt.

Overfull \hbox (15.24416pt too wide) in paragraph at lines 618--618
[][]| [] [][][]| 
 []

[25 <./FIGURES/NGC5084_environment_v2.png>]
Overfull \vbox (9.90976pt too high) has occurred while \output is active []


[26]
Overfull \hbox (19.23029pt too wide) in paragraph at lines 662--662
[][]| [] [][][]| 
 []


Package natbib Warning: Citation `2000ascl.soft03002S' on page 27 undefined on 
input line 662.


Overfull \vbox (5.81854pt too high) has occurred while \output is active []


[27]

LaTeX Warning: Reference `Appendix:Xray_novoro_test' on page 28 undefined on in
put line 678.


Overfull \hbox (19.23029pt too wide) in paragraph at lines 683--683
[][]| [] [][][]| 
 []


Overfull \hbox (19.23029pt too wide) in paragraph at lines 690--690
[][]| [] [][][]| 
 []


LaTeX Warning: Reference `Appendix:Xray_novoro_test' on page 28 undefined on in
put line 694.

[28]
Overfull \hbox (19.23029pt too wide) in paragraph at lines 704--704
[][]| [] [][][]| 
 []

[29]

LaTeX Warning: No positions in optional float specifier.
               Default added (so using `tbp') on input line 722.

<FIGURES/NGC5084_nodeco_psf_test.png, id=1103, 1156.32pt x 433.62pt>
File: FIGURES/NGC5084_nodeco_psf_test.png Graphic file (type png)
<use FIGURES/NGC5084_nodeco_psf_test.png>
Package pdftex.def Info: FIGURES/NGC5084_nodeco_psf_test.png  used on input lin
e 725.
(pdftex.def)             Requested size: 433.62pt x 181.51706pt.

LaTeX Warning: No positions in optional float specifier.
               Default added (so using `tbp') on input line 736.

<FIGURES/NGC5084_Regions_Probability_Test.png, id=1119, 1156.32pt x 433.62pt>
File: FIGURES/NGC5084_Regions_Probability_Test.png Graphic file (type png)
<use FIGURES/NGC5084_Regions_Probability_Test.png>
Package pdftex.def Info: FIGURES/NGC5084_Regions_Probability_Test.png  used on 
input line 739.
(pdftex.def)             Requested size: 433.62pt x 181.51706pt.
<FIGURES/NGC5084_soft_kev300_1000_result_deco_voro_smooth_drz.png, id=1132, 234
.8775pt x 90.3375pt>
File: FIGURES/NGC5084_soft_kev300_1000_result_deco_voro_smooth_drz.png Graphic 
file (type png)
<use FIGURES/NGC5084_soft_kev300_1000_result_deco_voro_smooth_drz.png>
Package pdftex.def Info: FIGURES/NGC5084_soft_kev300_1000_result_deco_voro_smoo
th_drz.png  used on input line 755.
(pdftex.def)             Requested size: 433.62pt x 32.72575pt.
<FIGURES/NGC5084_medium_kev1000_2000_result_deco_voro_smooth_drz.png, id=1134, 
234.8775pt x 90.3375pt>
File: FIGURES/NGC5084_medium_kev1000_2000_result_deco_voro_smooth_drz.png Graph
ic file (type png)
<use FIGURES/NGC5084_medium_kev1000_2000_result_deco_voro_smooth_drz.png>
Package pdftex.def Info: FIGURES/NGC5084_medium_kev1000_2000_result_deco_voro_s
mooth_drz.png  used on input line 759.
(pdftex.def)             Requested size: 433.62pt x 32.72575pt.
<FIGURES/NGC5084_hard_kev2000_8000_result_deco_voro_smooth_drz.png, id=1136, 23
4.8775pt x 90.3375pt>
File: FIGURES/NGC5084_hard_kev2000_8000_result_deco_voro_smooth_drz.png Graphic
 file (type png)
<use FIGURES/NGC5084_hard_kev2000_8000_result_deco_voro_smooth_drz.png>
Package pdftex.def Info: FIGURES/NGC5084_hard_kev2000_8000_result_deco_voro_smo
oth_drz.png  used on input line 764.
(pdftex.def)             Requested size: 433.62pt x 141.8137pt.
[30]

LaTeX Warning: No positions in optional float specifier.
               Default added (so using `tbp') on input line 778.

<FIGURES/NGC5084_F475W.png, id=1153, 722.7pt x 614.295pt>
File: FIGURES/NGC5084_F475W.png Graphic file (type png)
<use FIGURES/NGC5084_F475W.png>
Package pdftex.def Info: FIGURES/NGC5084_F475W.png  used on input line 781.
(pdftex.def)             Requested size: 283.11996pt x 251.80705pt.
<FIGURES/NGC5084_F658N.png, id=1155, 722.7pt x 614.295pt>
File: FIGURES/NGC5084_F658N.png Graphic file (type png)
<use FIGURES/NGC5084_F658N.png>
Package pdftex.def Info: FIGURES/NGC5084_F658N.png  used on input line 782.
(pdftex.def)             Requested size: 223.06406pt x 251.80705pt.
<FIGURES/NGC5084_F702W.png, id=1157, 722.7pt x 614.295pt>
File: FIGURES/NGC5084_F702W.png Graphic file (type png)
<use FIGURES/NGC5084_F702W.png>
Package pdftex.def Info: FIGURES/NGC5084_F702W.png  used on input line 783.
(pdftex.def)             Requested size: 284.21169pt x 239.00298pt.
<FIGURES/NGC5084_F658N_F702W.png, id=1159, 722.7pt x 614.295pt>
File: FIGURES/NGC5084_F658N_F702W.png Graphic file (type png)
<use FIGURES/NGC5084_F658N_F702W.png>
Package pdftex.def Info: FIGURES/NGC5084_F658N_F702W.png  used on input line 78
4.
(pdftex.def)             Requested size: 223.9242pt x 239.00298pt.

LaTeX Warning: Float too large for page by 399.73628pt on input line 789.

(./finalLatexWithLibrary.bbl [31 <./FIGURES/NGC5084_nodeco_psf_test.png>]
[32 <./FIGURES/NGC5084_Regions_Probability_Test.png>] [33 <./FIGURES/NGC5084_so
ft_kev300_1000_result_deco_voro_smooth_drz.png> <./FIGURES/NGC5084_medium_kev10
00_2000_result_deco_voro_smooth_drz.png> <./FIGURES/NGC5084_hard_kev2000_8000_r
esult_deco_voro_smooth_drz.png>] [34 <./FIGURES/NGC5084_F475W.png> <./FIGURES/N
GC5084_F658N.png> <./FIGURES/NGC5084_F702W.png> <./FIGURES/NGC5084_F658N_F702W.
png>] [35] [36] [37] [38]) [39]

Package natbib Warning: There were undefined citations.

(./finalLatexWithLibrary.aux)
 ***********
LaTeX2e <2023-11-01> patch level 1
L3 programming layer <2024-01-22>
 ***********


LaTeX Warning: There were undefined references.


LaTeX Warning: Label(s) may have changed. Rerun to get cross-references right.

Package rerunfilecheck Info: File `finalLatexWithLibrary.out' has not changed.
(rerunfilecheck)             Checksum: F4E5171D64394017FAD50C940D3FC749;5507.
 ) 
Here is how much of TeX's memory you used:
 18488 strings out of 476106
 307802 string characters out of 5793933
 1960975 words of memory out of 5000000
 39886 multiletter control sequences out of 15000+600000
 574535 words of font info for 100 fonts, out of 8000000 for 9000
 59 hyphenation exceptions out of 8191
 94i,18n,93p,1813b,920s stack positions out of 10000i,1000n,20000p,200000b,200000s
</usr/share/texlive/texmf-dist/fonts/type1/public/amsfonts/cm/cmbx10.pfb></us
r/share/texlive/texmf-dist/fonts/type1/public/amsfonts/cm/cmbx12.pfb></usr/shar
e/texlive/texmf-dist/fonts/type1/public/amsfonts/cm/cmbxti10.pfb></usr/share/te
xlive/texmf-dist/fonts/type1/public/amsfonts/cm/cmcsc10.pfb></usr/share/texlive
/texmf-dist/fonts/type1/public/amsfonts/cm/cmex10.pfb></usr/share/texlive/texmf
-dist/fonts/type1/public/amsfonts/cm/cmmi10.pfb></usr/share/texlive/texmf-dist/
fonts/type1/public/amsfonts/cm/cmmi12.pfb></usr/share/texlive/texmf-dist/fonts/
type1/public/amsfonts/cm/cmmi7.pfb></usr/share/texlive/texmf-dist/fonts/type1/p
ublic/amsfonts/cm/cmmi8.pfb></usr/share/texlive/texmf-dist/fonts/type1/public/a
msfonts/cm/cmr10.pfb></usr/share/texlive/texmf-dist/fonts/type1/public/amsfonts
/cm/cmr12.pfb></usr/share/texlive/texmf-dist/fonts/type1/public/amsfonts/cm/cmr
6.pfb></usr/share/texlive/texmf-dist/fonts/type1/public/amsfonts/cm/cmr7.pfb></
usr/share/texlive/texmf-dist/fonts/type1/public/amsfonts/cm/cmr8.pfb></usr/shar
e/texlive/texmf-dist/fonts/type1/public/amsfonts/cm/cmss10.pfb></usr/share/texl
ive/texmf-dist/fonts/type1/public/amsfonts/cm/cmss12.pfb></usr/share/texlive/te
xmf-dist/fonts/type1/public/amsfonts/cm/cmss17.pfb></usr/share/texlive/texmf-di
st/fonts/type1/public/amsfonts/cm/cmss8.pfb></usr/share/texlive/texmf-dist/font
s/type1/public/amsfonts/cm/cmsy10.pfb></usr/share/texlive/texmf-dist/fonts/type
1/public/amsfonts/cm/cmsy6.pfb></usr/share/texlive/texmf-dist/fonts/type1/publi
c/amsfonts/cm/cmsy7.pfb></usr/share/texlive/texmf-dist/fonts/type1/public/amsfo
nts/cm/cmsy8.pfb></usr/share/texlive/texmf-dist/fonts/type1/public/amsfonts/cm/
cmti10.pfb></usr/share/texlive/texmf-dist/fonts/type1/public/amsfonts/cm/cmti12
.pfb></usr/share/texlive/texmf-dist/fonts/type1/public/amsfonts/cm/cmtt10.pfb><
/usr/share/texlive/texmf-dist/fonts/type1/public/amsfonts/cm/cmtt12.pfb></usr/s
hare/texlive/texmf-dist/fonts/type1/public/amsfonts/symbols/msam10.pfb></usr/sh
are/texmf/fonts/type1/public/cm-super/sfrm1200.pfb>
Output written on finalLatexWithLibrary.pdf (39 pages, 11032295 bytes).
PDF statistics:
 1549 PDF objects out of 1728 (max. 8388607)
 1356 compressed objects within 14 object streams
 263 named destinations out of 1000 (max. 500000)
 468 words of extra memory for PDF output out of 10000 (max. 10000000)

